<?xml version="1.0" encoding="UTF-8"?>
<!-- Generated by org.testng.reporters.JUnitReportReporter -->
<testsuite hostname="N-5CG7492PHQ" failures="0" tests="1" name="LOT.LotBiletyEUMorePersons" time="0.790" errors="1" timestamp="26 cze 2018 10:41:56 GMT" skipped="0">
  <testcase classname="LOT.LotBiletyEUMorePersons" name="Test_BuyTickets" time="0.790">
    <error message="
Data provider mismatch
Method: Test_BuyTickets([Parameter{index=0, type=java.lang.String, declaredAnnotations=[]}, Parameter{index=1, type=java.lang.String, declaredAnnotations=[]}, Parameter{index=2, type=java.lang.String, declaredAnnotations=[]}, Parameter{index=3, type=org.apache.poi.xssf.usermodel.XSSFCell, declaredAnnotations=[]}, Parameter{index=4, type=org.apache.poi.xssf.usermodel.XSSFCell, declaredAnnotations=[]}, Parameter{index=5, type=int, declaredAnnotations=[]}])
Arguments: [(java.lang.String) dk/pl,(java.lang.String) EWR,(java.lang.String) WAW,(org.apache.poi.xssf.usermodel.XSSFCell) 22.0,(org.apache.poi.xssf.usermodel.XSSFCell) 53.0,(org.apache.poi.xssf.usermodel.XSSFCell) 2.0]" type="org.testng.internal.reflect.MethodMatcherException">
      <![CDATA[org.testng.internal.reflect.MethodMatcherException: 
Data provider mismatch
Method: Test_BuyTickets([Parameter{index=0, type=java.lang.String, declaredAnnotations=[]}, Parameter{index=1, type=java.lang.String, declaredAnnotations=[]}, Parameter{index=2, type=java.lang.String, declaredAnnotations=[]}, Parameter{index=3, type=org.apache.poi.xssf.usermodel.XSSFCell, declaredAnnotations=[]}, Parameter{index=4, type=org.apache.poi.xssf.usermodel.XSSFCell, declaredAnnotations=[]}, Parameter{index=5, type=int, declaredAnnotations=[]}])
Arguments: [(java.lang.String) dk/pl,(java.lang.String) EWR,(java.lang.String) WAW,(org.apache.poi.xssf.usermodel.XSSFCell) 22.0,(org.apache.poi.xssf.usermodel.XSSFCell) 53.0,(org.apache.poi.xssf.usermodel.XSSFCell) 2.0]
at org.testng.internal.reflect.DataProviderMethodMatcher.getConformingArguments(DataProviderMethodMatcher.java:45)
at org.testng.internal.Parameters.injectParameters(Parameters.java:796)
at org.testng.internal.Invoker.invokeTestMethods(Invoker.java:982)
at org.testng.internal.TestMethodWorker.invokeTestMethods(TestMethodWorker.java:125)
at org.testng.internal.TestMethodWorker.run(TestMethodWorker.java:109)
at org.testng.TestRunner.privateRun(TestRunner.java:648)
at org.testng.TestRunner.run(TestRunner.java:505)
at org.testng.SuiteRunner.runTest(SuiteRunner.java:455)
at org.testng.SuiteRunner.runSequentially(SuiteRunner.java:450)
at org.testng.SuiteRunner.privateRun(SuiteRunner.java:415)
at org.testng.SuiteRunner.run(SuiteRunner.java:364)
at org.testng.SuiteRunnerWorker.runSuite(SuiteRunnerWorker.java:52)
at org.testng.SuiteRunnerWorker.run(SuiteRunnerWorker.java:84)
at org.testng.TestNG.runSuitesSequentially(TestNG.java:1208)
at org.testng.TestNG.runSuitesLocally(TestNG.java:1137)
at org.testng.TestNG.runSuites(TestNG.java:1049)
at org.testng.TestNG.run(TestNG.java:1017)
at org.testng.IDEARemoteTestNG.run(IDEARemoteTestNG.java:72)
at org.testng.RemoteTestNGStarter.main(RemoteTestNGStarter.java:123)
]]>
    </error>
  </testcase> <!-- Test_BuyTickets -->
</testsuite> <!-- LOT.LotBiletyEUMorePersons -->
