<?xml version="1.0" encoding="UTF-8"?>
<!-- Generated by org.testng.reporters.JUnitReportReporter -->
<testsuite hostname="N-5CG7492PHQ" failures="0" tests="18" name="LOT.LotBiletyAllOneWayFlight" time="4.555" errors="2" timestamp="14 sie 2018 13:19:39 GMT" skipped="16">
  <testcase classname="LOT.LotBiletyAllOneWayFlight" name="Test_BuyTicketsHU" time="0.000">
    <skipped/>
  </testcase> <!-- Test_BuyTicketsHU -->
  <testcase classname="LOT.LotBiletyAllOneWayFlight" name="Test_BuyTicketsEU" time="0.000">
    <skipped/>
  </testcase> <!-- Test_BuyTicketsEU -->
  <testcase classname="LOT.LotBiletyAllOneWayFlight" name="Test_BuyTicketsUS" time="0.000">
    <skipped/>
  </testcase> <!-- Test_BuyTicketsUS -->
  <testcase classname="LOT.LotBiletyAllOneWayFlight" name="setUp" time="4.555">
    <error message="Unexpected error launching Internet Explorer. Browser zoom level was set to 125%. It should be set to 100%
Build info: version: &#039;3.9.1&#039;, revision: &#039;63f7b50&#039;, time: &#039;2018-02-07T22:25:02.294Z&#039;
System info: host: &#039;N-5CG7492PHQ&#039;, ip: &#039;192.168.13.5&#039;, os.name: &#039;Windows 7&#039;, os.arch: &#039;amd64&#039;, os.version: &#039;6.1&#039;, java.version: &#039;10.0.1&#039;
Driver info: driver.version: InternetExplorerDriver
remote stacktrace: " type="org.openqa.selenium.SessionNotCreatedException">
      <![CDATA[org.openqa.selenium.SessionNotCreatedException: Unexpected error launching Internet Explorer. Browser zoom level was set to 125%. It should be set to 100%
Build info: version: '3.9.1', revision: '63f7b50', time: '2018-02-07T22:25:02.294Z'
System info: host: 'N-5CG7492PHQ', ip: '192.168.13.5', os.name: 'Windows 7', os.arch: 'amd64', os.version: '6.1', java.version: '10.0.1'
Driver info: driver.version: InternetExplorerDriver
remote stacktrace: 
at java.base/jdk.internal.reflect.NativeConstructorAccessorImpl.newInstance0(Native Method)
at java.base/jdk.internal.reflect.NativeConstructorAccessorImpl.newInstance(NativeConstructorAccessorImpl.java:62)
at java.base/jdk.internal.reflect.DelegatingConstructorAccessorImpl.newInstance(DelegatingConstructorAccessorImpl.java:45)
at java.base/java.lang.reflect.Constructor.newInstance(Constructor.java:488)
at org.openqa.selenium.remote.W3CHandshakeResponse.lambda$new$0(W3CHandshakeResponse.java:57)
at org.openqa.selenium.remote.W3CHandshakeResponse.lambda$getResponseFunction$2(W3CHandshakeResponse.java:104)
at org.openqa.selenium.remote.ProtocolHandshake.lambda$createSession$0(ProtocolHandshake.java:123)
at java.base/java.util.stream.ReferencePipeline$3$1.accept(ReferencePipeline.java:195)
at java.base/java.util.Spliterators$ArraySpliterator.tryAdvance(Spliterators.java:958)
at java.base/java.util.stream.ReferencePipeline.forEachWithCancel(ReferencePipeline.java:127)
at java.base/java.util.stream.AbstractPipeline.copyIntoWithCancel(AbstractPipeline.java:502)
at java.base/java.util.stream.AbstractPipeline.copyInto(AbstractPipeline.java:488)
at java.base/java.util.stream.AbstractPipeline.wrapAndCopyInto(AbstractPipeline.java:474)
at java.base/java.util.stream.FindOps$FindOp.evaluateSequential(FindOps.java:150)
at java.base/java.util.stream.AbstractPipeline.evaluate(AbstractPipeline.java:234)
at java.base/java.util.stream.ReferencePipeline.findFirst(ReferencePipeline.java:543)
at org.openqa.selenium.remote.ProtocolHandshake.createSession(ProtocolHandshake.java:126)
at org.openqa.selenium.remote.ProtocolHandshake.createSession(ProtocolHandshake.java:73)
at org.openqa.selenium.remote.HttpCommandExecutor.execute(HttpCommandExecutor.java:138)
at org.openqa.selenium.remote.service.DriverCommandExecutor.execute(DriverCommandExecutor.java:83)
at org.openqa.selenium.remote.RemoteWebDriver.execute(RemoteWebDriver.java:601)
at org.openqa.selenium.remote.RemoteWebDriver.startSession(RemoteWebDriver.java:219)
at org.openqa.selenium.ie.InternetExplorerDriver.run(InternetExplorerDriver.java:223)
at org.openqa.selenium.ie.InternetExplorerDriver.<init>(InternetExplorerDriver.java:215)
at org.openqa.selenium.ie.InternetExplorerDriver.<init>(InternetExplorerDriver.java:152)
at LOT.LotBiletyAllOneWayFlight.setUp(LotBiletyAllOneWayFlight.java:53)
at java.base/jdk.internal.reflect.NativeMethodAccessorImpl.invoke0(Native Method)
at java.base/jdk.internal.reflect.NativeMethodAccessorImpl.invoke(NativeMethodAccessorImpl.java:62)
at java.base/jdk.internal.reflect.DelegatingMethodAccessorImpl.invoke(DelegatingMethodAccessorImpl.java:43)
at java.base/java.lang.reflect.Method.invoke(Method.java:564)
at org.testng.internal.MethodInvocationHelper.invokeMethod(MethodInvocationHelper.java:124)
at org.testng.internal.MethodInvocationHelper.invokeMethodConsideringTimeout(MethodInvocationHelper.java:59)
at org.testng.internal.Invoker.invokeConfigurationMethod(Invoker.java:455)
at org.testng.internal.Invoker.invokeConfigurations(Invoker.java:222)
at org.testng.internal.Invoker.invokeConfigurations(Invoker.java:142)
at org.testng.TestRunner.beforeRun(TestRunner.java:529)
at org.testng.TestRunner.run(TestRunner.java:497)
at org.testng.SuiteRunner.runTest(SuiteRunner.java:455)
at org.testng.SuiteRunner.runSequentially(SuiteRunner.java:450)
at org.testng.SuiteRunner.privateRun(SuiteRunner.java:415)
at org.testng.SuiteRunner.run(SuiteRunner.java:364)
at org.testng.SuiteRunnerWorker.runSuite(SuiteRunnerWorker.java:52)
at org.testng.SuiteRunnerWorker.run(SuiteRunnerWorker.java:84)
at org.testng.TestNG.runSuitesSequentially(TestNG.java:1208)
at org.testng.TestNG.runSuitesLocally(TestNG.java:1137)
at org.testng.TestNG.runSuites(TestNG.java:1049)
at org.testng.TestNG.run(TestNG.java:1017)
at org.testng.IDEARemoteTestNG.run(IDEARemoteTestNG.java:72)
at org.testng.RemoteTestNGStarter.main(RemoteTestNGStarter.java:123)
]]>
    </error>
  </testcase> <!-- setUp -->
  <testcase classname="LOT.LotBiletyAllOneWayFlight" name="Test_BuyTicketsEU" time="0.000">
    <skipped/>
  </testcase> <!-- Test_BuyTicketsEU -->
  <testcase classname="LOT.LotBiletyAllOneWayFlight" name="Test_BuyTicketsEU" time="0.000">
    <skipped/>
  </testcase> <!-- Test_BuyTicketsEU -->
  <testcase classname="LOT.LotBiletyAllOneWayFlight" name="Test_BuyTicketsUS" time="0.000">
    <skipped/>
  </testcase> <!-- Test_BuyTicketsUS -->
  <testcase classname="LOT.LotBiletyAllOneWayFlight" name="Test_BuyTicketsEU" time="0.000">
    <skipped/>
  </testcase> <!-- Test_BuyTicketsEU -->
  <testcase classname="LOT.LotBiletyAllOneWayFlight" name="Test_BuyTicketsEU" time="0.000">
    <skipped/>
  </testcase> <!-- Test_BuyTicketsEU -->
  <testcase classname="LOT.LotBiletyAllOneWayFlight" name="Test_BuyTicketsHU" time="0.000">
    <skipped/>
  </testcase> <!-- Test_BuyTicketsHU -->
  <testcase classname="LOT.LotBiletyAllOneWayFlight" name="Test_BuyTicketsEU" time="0.000">
    <skipped/>
  </testcase> <!-- Test_BuyTicketsEU -->
  <testcase classname="LOT.LotBiletyAllOneWayFlight" name="Test_BuyTicketsUS" time="0.000">
    <skipped/>
  </testcase> <!-- Test_BuyTicketsUS -->
  <testcase classname="LOT.LotBiletyAllOneWayFlight" name="Test_BuyTicketsEU" time="0.000">
    <skipped/>
  </testcase> <!-- Test_BuyTicketsEU -->
  <testcase classname="LOT.LotBiletyAllOneWayFlight" name="Test_BuyTicketsEU" time="0.000">
    <skipped/>
  </testcase> <!-- Test_BuyTicketsEU -->
  <testcase classname="LOT.LotBiletyAllOneWayFlight" name="Test_BuyTicketsEU" time="0.000">
    <skipped/>
  </testcase> <!-- Test_BuyTicketsEU -->
  <testcase classname="LOT.LotBiletyAllOneWayFlight" name="tearDown1" time="0.000">
    <error type="java.lang.NullPointerException">
      <![CDATA[java.lang.NullPointerException
at LOT.LotBiletyAllOneWayFlight.tearDown1(LotBiletyAllOneWayFlight.java:910)
at java.base/jdk.internal.reflect.NativeMethodAccessorImpl.invoke0(Native Method)
at java.base/jdk.internal.reflect.NativeMethodAccessorImpl.invoke(NativeMethodAccessorImpl.java:62)
at java.base/jdk.internal.reflect.DelegatingMethodAccessorImpl.invoke(DelegatingMethodAccessorImpl.java:43)
at java.base/java.lang.reflect.Method.invoke(Method.java:564)
at org.testng.internal.MethodInvocationHelper.invokeMethod(MethodInvocationHelper.java:124)
at org.testng.internal.MethodInvocationHelper.invokeMethodConsideringTimeout(MethodInvocationHelper.java:59)
at org.testng.internal.Invoker.invokeConfigurationMethod(Invoker.java:455)
at org.testng.internal.Invoker.invokeConfigurations(Invoker.java:222)
at org.testng.internal.Invoker.invokeConfigurations(Invoker.java:142)
at org.testng.TestRunner.afterRun(TestRunner.java:725)
at org.testng.TestRunner.run(TestRunner.java:509)
at org.testng.SuiteRunner.runTest(SuiteRunner.java:455)
at org.testng.SuiteRunner.runSequentially(SuiteRunner.java:450)
at org.testng.SuiteRunner.privateRun(SuiteRunner.java:415)
at org.testng.SuiteRunner.run(SuiteRunner.java:364)
at org.testng.SuiteRunnerWorker.runSuite(SuiteRunnerWorker.java:52)
at org.testng.SuiteRunnerWorker.run(SuiteRunnerWorker.java:84)
at org.testng.TestNG.runSuitesSequentially(TestNG.java:1208)
at org.testng.TestNG.runSuitesLocally(TestNG.java:1137)
at org.testng.TestNG.runSuites(TestNG.java:1049)
at org.testng.TestNG.run(TestNG.java:1017)
at org.testng.IDEARemoteTestNG.run(IDEARemoteTestNG.java:72)
at org.testng.RemoteTestNGStarter.main(RemoteTestNGStarter.java:123)
]]>
    </error>
  </testcase> <!-- tearDown1 -->
  <testcase classname="LOT.LotBiletyAllOneWayFlight" name="Test_BuyTicketsEU" time="0.000">
    <skipped/>
  </testcase> <!-- Test_BuyTicketsEU -->
  <testcase classname="LOT.LotBiletyAllOneWayFlight" name="Test_BuyTicketsHU" time="0.000">
    <skipped/>
  </testcase> <!-- Test_BuyTicketsHU -->
</testsuite> <!-- LOT.LotBiletyAllOneWayFlight -->
