<?xml version="1.0" encoding="UTF-8"?>
<!-- Generated by org.testng.reporters.JUnitReportReporter -->
<testsuite hostname="N-5CG7492PHQ" failures="0" tests="1" name="LOT.FireFox.LotBiletyAllshortFF" time="0.000" errors="1" timestamp="26 wrz 2018 11:40:49 GMT" skipped="0">
  <testcase classname="LOT.FireFox.LotBiletyAllshortFF" name="Test_BuyTicketsEU" time="0.000">
    <error message="
Method public void LOT.FireFox.LotBiletyAllshortFF.Test_BuyTicketsEU(java.lang.String,java.lang.String,java.lang.String,org.apache.poi.xssf.usermodel.XSSFCell,org.apache.poi.xssf.usermodel.XSSFCell) throws java.lang.Exception requires a @DataProvider named : data" type="org.testng.TestNGException">
      <![CDATA[org.testng.TestNGException: 
Method public void LOT.FireFox.LotBiletyAllshortFF.Test_BuyTicketsEU(java.lang.String,java.lang.String,java.lang.String,org.apache.poi.xssf.usermodel.XSSFCell,org.apache.poi.xssf.usermodel.XSSFCell) throws java.lang.Exception requires a @DataProvider named : data
at org.testng.internal.Parameters.findDataProvider(Parameters.java:513)
at org.testng.internal.Parameters.handleParameters(Parameters.java:691)
at org.testng.internal.ParameterHandler.handleParameters(ParameterHandler.java:49)
at org.testng.internal.ParameterHandler.createParameters(ParameterHandler.java:37)
at org.testng.internal.Invoker.invokeTestMethods(Invoker.java:924)
at org.testng.internal.TestMethodWorker.invokeTestMethods(TestMethodWorker.java:125)
at org.testng.internal.TestMethodWorker.run(TestMethodWorker.java:109)
at org.testng.TestRunner.privateRun(TestRunner.java:648)
at org.testng.TestRunner.run(TestRunner.java:505)
at org.testng.SuiteRunner.runTest(SuiteRunner.java:455)
at org.testng.SuiteRunner.runSequentially(SuiteRunner.java:450)
at org.testng.SuiteRunner.privateRun(SuiteRunner.java:415)
at org.testng.SuiteRunner.run(SuiteRunner.java:364)
at org.testng.SuiteRunnerWorker.runSuite(SuiteRunnerWorker.java:52)
at org.testng.SuiteRunnerWorker.run(SuiteRunnerWorker.java:84)
at org.testng.TestNG.runSuitesSequentially(TestNG.java:1208)
at org.testng.TestNG.runSuitesLocally(TestNG.java:1137)
at org.testng.TestNG.runSuites(TestNG.java:1049)
at org.testng.TestNG.run(TestNG.java:1017)
at org.testng.IDEARemoteTestNG.run(IDEARemoteTestNG.java:72)
at org.testng.RemoteTestNGStarter.main(RemoteTestNGStarter.java:123)
]]>
    </error>
  </testcase> <!-- Test_BuyTicketsEU -->
</testsuite> <!-- LOT.FireFox.LotBiletyAllshortFF -->
